<?xml version="1.0" encoding="UTF-8"?>
<!-- Generated by org.testng.reporters.JUnitReportReporter -->
<testsuite hostname="PNQ-DEV-WIN-010" failures="0" tests="3" name="Amazon_Test.AmazonAppTest" time="42.835" errors="0" timestamp="18 Dec 2023 05:56:03 GMT">
  <testcase classname="Amazon_Test.AmazonAppTest" name="testAddToCartProduct" time="10.113"/>
  <testcase classname="Amazon_Test.AmazonAppTest" name="testNavigateProduct" time="20.627"/>
  <testcase classname="Amazon_Test.AmazonAppTest" name="testNavigateToProductDetailPage" time="12.095"/>
</testsuite> <!-- Amazon_Test.AmazonAppTest -->
