<?xml version="1.0" encoding="UTF-8"?>
<!-- Generated by org.testng.reporters.JUnitReportReporter -->
<testsuite hostname="PNQ-DEV-WIN-010" failures="0" tests="1" name="Vistair_Test.VistairAppTest" time="35.277" errors="0" timestamp="15 Dec 2023 16:21:44 GMT">
  <testcase classname="Vistair_Test.VistairAppTest" name="testLogin" time="35.277"/>
</testsuite> <!-- Vistair_Test.VistairAppTest -->
