<?xml version="1.0" encoding="UTF-8"?>
<!-- Generated by org.testng.reporters.JUnitReportReporter -->
<testsuite hostname="PNQ-DEV-WIN-010" failures="0" tests="3" name="Vistair_Test.AmazonAppTest" time="40.408" errors="0" timestamp="17 Dec 2023 09:51:32 GMT">
  <testcase classname="Vistair_Test.AmazonAppTest" name="testAddToCartProduct" time="10.118"/>
  <testcase classname="Vistair_Test.AmazonAppTest" name="testNavigateToProductDetailPage" time="12.086"/>
  <testcase classname="Vistair_Test.AmazonAppTest" name="testNavigateProduct" time="18.204"/>
</testsuite> <!-- Vistair_Test.AmazonAppTest -->
