<?xml version="1.0" encoding="UTF-8"?>
<!-- Generated by org.testng.reporters.JUnitReportReporter -->
<testsuite hostname="DESKTOP-6E9HH24" name="Campusm_Test.CampusmAppTest" tests="1" failures="0" timestamp="16 Aug 2018 20:58:10 GMT" time="69.271" errors="0">
  <testcase name="testLogin" time="69.271" classname="Campusm_Test.CampusmAppTest"/>
</testsuite> <!-- Campusm_Test.CampusmAppTest -->
